<?xml version="1.0" encoding="utf-8" standalone="no"?>
<!--This file represents the results of running a test suite-->
<test-results name="F:\COI\UnitTestDataModel\UnitTestDataModel\bin\Debug\UnitTestDataModel.dll" total="1" errors="0" failures="0" not-run="0" inconclusive="0" ignored="0" skipped="0" invalid="0" date="2017-11-12" time="23:15:05">
  <environment nunit-version="2.6.4.14350" clr-version="2.0.50727.5485" os-version="Microsoft Windows NT 6.1.7601 Service Pack 1" platform="Win32NT" cwd="C:\Program Files\NUnit 2.6.4\bin" machine-name="HP-NOTE" user="HP" user-domain="HP-note" />
  <culture-info current-culture="en-US" current-uiculture="uk-UA" />
  <test-suite type="Assembly" name="F:\COI\UnitTestDataModel\UnitTestDataModel\bin\Debug\UnitTestDataModel.dll" executed="True" result="Success" success="True" time="0.389" asserts="0">
    <results>
      <test-suite type="Namespace" name="UnitTestDataModel" executed="True" result="Success" success="True" time="0.382" asserts="0">
        <results>
          <test-suite type="TestFixture" name="UnitTest2" executed="True" result="Success" success="True" time="0.379" asserts="0">
            <results>
              <test-case name="UnitTestDataModel.UnitTest2.TestAddContainers" executed="True" result="Success" success="True" time="0.369" asserts="67" />
            </results>
          </test-suite>
        </results>
      </test-suite>
    </results>
  </test-suite>
</test-results>